# JRE version: OpenJDK Runtime Environment Temurin-21.0.9+10 (21.0.9+10) (build 21.0.9+10-LTS)
# Java VM: OpenJDK 64-Bit Server VM Temurin-21.0.9+10 (21.0.9+10-LTS, mixed mode, sharing, tiered, compressed oops, compressed class ptrs, parallel gc, windows-amd64)
GC Precious Log:
 CardTable entry size: 512
 CPUs: 16 total, 16 available
 Memory: 15711M
 Large Page Support: Disabled
 NUMA Support: Disabled
 Compressed Oops: Enabled (32-bit)
 Alignments: Space 512K, Generation 512K, Heap 2M
 Heap Min Capacity: 100M
 Heap Initial Capacity: 100M
 Heap Max Capacity: 2G
 Pre-touch: Disabled
 Parallel Workers: 13
Heap:
 PSYoungGen      total 17920K, used 10408K [0x00000000d5580000, 0x00000000d7800000, 0x0000000100000000)
  eden space 17408K, 57% used [0x00000000d5580000,0x00000000d5f32008,0x00000000d6680000)
  from space 512K, 93% used [0x00000000d7780000,0x00000000d77f8030,0x00000000d7800000)
  to   space 1024K, 0% used [0x00000000d7600000,0x00000000d7600000,0x00000000d7700000)
 ParOldGen       total 268288K, used 268025K [0x0000000080000000, 0x0000000090600000, 0x00000000d5580000)
  object space 268288K, 99% used [0x0000000080000000,0x00000000905be580,0x0000000090600000)
 Metaspace       used 78216K, committed 79936K, reserved 1179648K
  class space    used 8335K, committed 9088K, reserved 1048576K
GC Heap History (20 events):
Event: 1382.366 GC heap before
{Heap before GC invocations=96 (full 3):
 PSYoungGen      total 20992K, used 20963K [0x00000000d5580000, 0x00000000d7080000, 0x0000000100000000)
  eden space 17408K, 100% used [0x00000000d5580000,0x00000000d6680000,0x00000000d6680000)
  from space 3584K, 99% used [0x00000000d6b00000,0x00000000d6e78e20,0x00000000d6e80000)
  to   space 4608K, 0% used [0x00000000d6680000,0x00000000d6680000,0x00000000d6b00000)
 ParOldGen       total 208896K, used 208468K [0x0000000080000000, 0x000000008cc00000, 0x00000000d5580000)
  object space 208896K, 99% used [0x0000000080000000,0x000000008cb95260,0x000000008cc00000)
 Metaspace       used 76808K, committed 78464K, reserved 1179648K
  class space    used 8311K, committed 9088K, reserved 1048576K
}
Event: 1382.380 GC heap after
{Heap after GC invocations=96 (full 3):
 PSYoungGen      total 22016K, used 4594K [0x00000000d5580000, 0x00000000d9180000, 0x0000000100000000)
  eden space 17408K, 0% used [0x00000000d5580000,0x00000000d5580000,0x00000000d6680000)
  from space 4608K, 99% used [0x00000000d6680000,0x00000000d6afcbe8,0x00000000d6b00000)
  to   space 22016K, 0% used [0x00000000d7c00000,0x00000000d7c00000,0x00000000d9180000)
 ParOldGen       total 223232K, used 223011K [0x0000000080000000, 0x000000008da00000, 0x00000000d5580000)
  object space 223232K, 99% used [0x0000000080000000,0x000000008d9c8d18,0x000000008da00000)
 Metaspace       used 76808K, committed 78464K, reserved 1179648K
  class space    used 8311K, committed 9088K, reserved 1048576K
}
Event: 1382.936 GC heap before
{Heap before GC invocations=97 (full 3):
 PSYoungGen      total 22016K, used 21849K [0x00000000d5580000, 0x00000000d9180000, 0x0000000100000000)
  eden space 17408K, 99% used [0x00000000d5580000,0x00000000d66599b0,0x00000000d6680000)
  from space 4608K, 99% used [0x00000000d6680000,0x00000000d6afcbe8,0x00000000d6b00000)
  to   space 22016K, 0% used [0x00000000d7c00000,0x00000000d7c00000,0x00000000d9180000)
 ParOldGen       total 223232K, used 223011K [0x0000000080000000, 0x000000008da00000, 0x00000000d5580000)
  object space 223232K, 99% used [0x0000000080000000,0x000000008d9c8d18,0x000000008da00000)
 Metaspace       used 77249K, committed 78976K, reserved 1179648K
  class space    used 8317K, committed 9088K, reserved 1048576K
}
Event: 1382.948 GC heap after
{Heap after GC invocations=97 (full 3):
 PSYoungGen      total 23552K, used 5672K [0x00000000d5580000, 0x00000000d8200000, 0x0000000100000000)
  eden space 17408K, 0% used [0x00000000d5580000,0x00000000d5580000,0x00000000d6680000)
  from space 6144K, 92% used [0x00000000d7c00000,0x00000000d818a020,0x00000000d8200000)
  to   space 10752K, 0% used [0x00000000d6d00000,0x00000000d6d00000,0x00000000d7780000)
 ParOldGen       total 227840K, used 227502K [0x0000000080000000, 0x000000008de80000, 0x00000000d5580000)
  object space 227840K, 99% used [0x0000000080000000,0x000000008de2bb70,0x000000008de80000)
 Metaspace       used 77249K, committed 78976K, reserved 1179648K
  class space    used 8317K, committed 9088K, reserved 1048576K
}
Event: 1383.460 GC heap before
{Heap before GC invocations=98 (full 3):
 PSYoungGen      total 23552K, used 23080K [0x00000000d5580000, 0x00000000d8200000, 0x0000000100000000)
  eden space 17408K, 100% used [0x00000000d5580000,0x00000000d6680000,0x00000000d6680000)
  from space 6144K, 92% used [0x00000000d7c00000,0x00000000d818a020,0x00000000d8200000)
  to   space 10752K, 0% used [0x00000000d6d00000,0x00000000d6d00000,0x00000000d7780000)
 ParOldGen       total 227840K, used 227502K [0x0000000080000000, 0x000000008de80000, 0x00000000d5580000)
  object space 227840K, 99% used [0x0000000080000000,0x000000008de2bb70,0x000000008de80000)
 Metaspace       used 77587K, committed 79360K, reserved 1179648K
  class space    used 8331K, committed 9088K, reserved 1048576K
}
Event: 1383.472 GC heap after
{Heap after GC invocations=98 (full 3):
 PSYoungGen      total 28160K, used 10739K [0x00000000d5580000, 0x00000000d8b80000, 0x0000000100000000)
  eden space 17408K, 0% used [0x00000000d5580000,0x00000000d5580000,0x00000000d6680000)
  from space 10752K, 99% used [0x00000000d6d00000,0x00000000d777ce20,0x00000000d7780000)
  to   space 18944K, 0% used [0x00000000d7900000,0x00000000d7900000,0x00000000d8b80000)
 ParOldGen       total 233472K, used 233255K [0x0000000080000000, 0x000000008e400000, 0x00000000d5580000)
  object space 233472K, 99% used [0x0000000080000000,0x000000008e3c9f98,0x000000008e400000)
 Metaspace       used 77587K, committed 79360K, reserved 1179648K
  class space    used 8331K, committed 9088K, reserved 1048576K
}
Event: 1433.188 GC heap before
{Heap before GC invocations=99 (full 3):
 PSYoungGen      total 28160K, used 28121K [0x00000000d5580000, 0x00000000d8b80000, 0x0000000100000000)
  eden space 17408K, 99% used [0x00000000d5580000,0x00000000d6679668,0x00000000d6680000)
  from space 10752K, 99% used [0x00000000d6d00000,0x00000000d777ce20,0x00000000d7780000)
  to   space 18944K, 0% used [0x00000000d7900000,0x00000000d7900000,0x00000000d8b80000)
 ParOldGen       total 257024K, used 256295K [0x0000000080000000, 0x000000008fb00000, 0x00000000d5580000)
  object space 257024K, 99% used [0x0000000080000000,0x000000008fa49fb8,0x000000008fb00000)
 Metaspace       used 77697K, committed 79424K, reserved 1179648K
  class space    used 8332K, committed 9088K, reserved 1048576K
}
Event: 1433.197 GC heap after
{Heap after GC invocations=99 (full 3):
 PSYoungGen      total 17920K, used 480K [0x00000000d5580000, 0x00000000d7980000, 0x0000000100000000)
  eden space 17408K, 0% used [0x00000000d5580000,0x00000000d5580000,0x00000000d6680000)
  from space 512K, 93% used [0x00000000d7900000,0x00000000d7978020,0x00000000d7980000)
  to   space 6656K, 0% used [0x00000000d6c80000,0x00000000d6c80000,0x00000000d7300000)
 ParOldGen       total 267264K, used 267041K [0x0000000080000000, 0x0000000090500000, 0x00000000d5580000)
  object space 267264K, 99% used [0x0000000080000000,0x00000000904c8420,0x0000000090500000)
 Metaspace       used 77697K, committed 79424K, reserved 1179648K
  class space    used 8332K, committed 9088K, reserved 1048576K
}
Event: 1687.367 GC heap before
{Heap before GC invocations=100 (full 3):
 PSYoungGen      total 17920K, used 17888K [0x00000000d5580000, 0x00000000d7980000, 0x0000000100000000)
  eden space 17408K, 99% used [0x00000000d5580000,0x00000000d667ffe8,0x00000000d6680000)
  from space 512K, 93% used [0x00000000d7900000,0x00000000d7978020,0x00000000d7980000)
  to   space 6656K, 0% used [0x00000000d6c80000,0x00000000d6c80000,0x00000000d7300000)
 ParOldGen       total 267264K, used 267041K [0x0000000080000000, 0x0000000090500000, 0x00000000d5580000)
  object space 267264K, 99% used [0x0000000080000000,0x00000000904c8420,0x0000000090500000)
 Metaspace       used 77771K, committed 79552K, reserved 1179648K
  class space    used 8332K, committed 9088K, reserved 1048576K
}
Event: 1687.377 GC heap after
{Heap after GC invocations=100 (full 3):
 PSYoungGen      total 24064K, used 560K [0x00000000d5580000, 0x00000000d7980000, 0x0000000100000000)
  eden space 17408K, 0% used [0x00000000d5580000,0x00000000d5580000,0x00000000d6680000)
  from space 6656K, 8% used [0x00000000d6c80000,0x00000000d6d0c070,0x00000000d7300000)
  to   space 1536K, 0% used [0x00000000d7800000,0x00000000d7800000,0x00000000d7980000)
 ParOldGen       total 267264K, used 267121K [0x0000000080000000, 0x0000000090500000, 0x00000000d5580000)
  object space 267264K, 99% used [0x0000000080000000,0x00000000904dc420,0x0000000090500000)
 Metaspace       used 77771K, committed 79552K, reserved 1179648K
  class space    used 8332K, committed 9088K, reserved 1048576K
}
Event: 3115.747 GC heap before
{Heap before GC invocations=101 (full 3):
 PSYoungGen      total 24064K, used 17968K [0x00000000d5580000, 0x00000000d7980000, 0x0000000100000000)
  eden space 17408K, 100% used [0x00000000d5580000,0x00000000d6680000,0x00000000d6680000)
  from space 6656K, 8% used [0x00000000d6c80000,0x00000000d6d0c070,0x00000000d7300000)
  to   space 1536K, 0% used [0x00000000d7800000,0x00000000d7800000,0x00000000d7980000)
 ParOldGen       total 267264K, used 267121K [0x0000000080000000, 0x0000000090500000, 0x00000000d5580000)
  object space 267264K, 99% used [0x0000000080000000,0x00000000904dc420,0x0000000090500000)
 Metaspace       used 77871K, committed 79616K, reserved 1179648K
  class space    used 8332K, committed 9088K, reserved 1048576K
}
Event: 3115.768 GC heap after
{Heap after GC invocations=101 (full 3):
 PSYoungGen      total 18432K, used 512K [0x00000000d5580000, 0x00000000d7900000, 0x0000000100000000)
  eden space 17408K, 0% used [0x00000000d5580000,0x00000000d5580000,0x00000000d6680000)
  from space 1024K, 50% used [0x00000000d7800000,0x00000000d7880020,0x00000000d7900000)
  to   space 1024K, 0% used [0x00000000d7700000,0x00000000d7700000,0x00000000d7800000)
 ParOldGen       total 267776K, used 267433K [0x0000000080000000, 0x0000000090580000, 0x00000000d5580000)
  object space 267776K, 99% used [0x0000000080000000,0x000000009052a4d0,0x0000000090580000)
 Metaspace       used 77871K, committed 79616K, reserved 1179648K
  class space    used 8332K, committed 9088K, reserved 1048576K
}
Event: 3149.378 GC heap before
{Heap before GC invocations=102 (full 3):
 PSYoungGen      total 18432K, used 17920K [0x00000000d5580000, 0x00000000d7900000, 0x0000000100000000)
  eden space 17408K, 100% used [0x00000000d5580000,0x00000000d6680000,0x00000000d6680000)
  from space 1024K, 50% used [0x00000000d7800000,0x00000000d7880020,0x00000000d7900000)
  to   space 1024K, 0% used [0x00000000d7700000,0x00000000d7700000,0x00000000d7800000)
 ParOldGen       total 267776K, used 267433K [0x0000000080000000, 0x0000000090580000, 0x00000000d5580000)
  object space 267776K, 99% used [0x0000000080000000,0x000000009052a4d0,0x0000000090580000)
 Metaspace       used 77952K, committed 79744K, reserved 1179648K
  class space    used 8332K, committed 9088K, reserved 1048576K
}
Event: 3149.390 GC heap after
{Heap after GC invocations=102 (full 3):
 PSYoungGen      total 17920K, used 496K [0x00000000d5580000, 0x00000000d7880000, 0x0000000100000000)
  eden space 17408K, 0% used [0x00000000d5580000,0x00000000d5580000,0x00000000d6680000)
  from space 512K, 96% used [0x00000000d7700000,0x00000000d777c030,0x00000000d7780000)
  to   space 1024K, 0% used [0x00000000d7780000,0x00000000d7780000,0x00000000d7880000)
 ParOldGen       total 267776K, used 267569K [0x0000000080000000, 0x0000000090580000, 0x00000000d5580000)
  object space 267776K, 99% used [0x0000000080000000,0x000000009054c500,0x0000000090580000)
 Metaspace       used 77952K, committed 79744K, reserved 1179648K
  class space    used 8332K, committed 9088K, reserved 1048576K
}
Event: 3300.381 GC heap before
{Heap before GC invocations=103 (full 3):
 PSYoungGen      total 17920K, used 17904K [0x00000000d5580000, 0x00000000d7880000, 0x0000000100000000)
  eden space 17408K, 100% used [0x00000000d5580000,0x00000000d6680000,0x00000000d6680000)
  from space 512K, 96% used [0x00000000d7700000,0x00000000d777c030,0x00000000d7780000)
  to   space 1024K, 0% used [0x00000000d7780000,0x00000000d7780000,0x00000000d7880000)
 ParOldGen       total 267776K, used 267569K [0x0000000080000000, 0x0000000090580000, 0x00000000d5580000)
  object space 267776K, 99% used [0x0000000080000000,0x000000009054c500,0x0000000090580000)
 Metaspace       used 77979K, committed 79744K, reserved 1179648K
  class space    used 8333K, committed 9088K, reserved 1048576K
}
Event: 3300.394 GC heap after
{Heap after GC invocations=103 (full 3):
 PSYoungGen      total 18432K, used 528K [0x00000000d5580000, 0x00000000d7880000, 0x0000000100000000)
  eden space 17408K, 0% used [0x00000000d5580000,0x00000000d5580000,0x00000000d6680000)
  from space 1024K, 51% used [0x00000000d7780000,0x00000000d7804030,0x00000000d7880000)
  to   space 1024K, 0% used [0x00000000d7680000,0x00000000d7680000,0x00000000d7780000)
 ParOldGen       total 267776K, used 267721K [0x0000000080000000, 0x0000000090580000, 0x00000000d5580000)
  object space 267776K, 99% used [0x0000000080000000,0x0000000090572530,0x0000000090580000)
 Metaspace       used 77979K, committed 79744K, reserved 1179648K
  class space    used 8333K, committed 9088K, reserved 1048576K
}
Event: 3563.755 GC heap before
{Heap before GC invocations=104 (full 3):
 PSYoungGen      total 18432K, used 17936K [0x00000000d5580000, 0x00000000d7880000, 0x0000000100000000)
  eden space 17408K, 100% used [0x00000000d5580000,0x00000000d6680000,0x00000000d6680000)
  from space 1024K, 51% used [0x00000000d7780000,0x00000000d7804030,0x00000000d7880000)
  to   space 1024K, 0% used [0x00000000d7680000,0x00000000d7680000,0x00000000d7780000)
 ParOldGen       total 267776K, used 267721K [0x0000000080000000, 0x0000000090580000, 0x00000000d5580000)
  object space 267776K, 99% used [0x0000000080000000,0x0000000090572530,0x0000000090580000)
 Metaspace       used 78107K, committed 79872K, reserved 1179648K
  class space    used 8333K, committed 9088K, reserved 1048576K
}
Event: 3563.773 GC heap after
{Heap after GC invocations=104 (full 3):
 PSYoungGen      total 18432K, used 480K [0x00000000d5580000, 0x00000000d7800000, 0x0000000100000000)
  eden space 17408K, 0% used [0x00000000d5580000,0x00000000d5580000,0x00000000d6680000)
  from space 1024K, 46% used [0x00000000d7680000,0x00000000d76f8000,0x00000000d7780000)
  to   space 512K, 0% used [0x00000000d7780000,0x00000000d7780000,0x00000000d7800000)
 ParOldGen       total 268288K, used 267873K [0x0000000080000000, 0x0000000090600000, 0x00000000d5580000)
  object space 268288K, 99% used [0x0000000080000000,0x0000000090598570,0x0000000090600000)
 Metaspace       used 78107K, committed 79872K, reserved 1179648K
  class space    used 8333K, committed 9088K, reserved 1048576K
}
Event: 3580.205 GC heap before
{Heap before GC invocations=105 (full 3):
 PSYoungGen      total 18432K, used 17887K [0x00000000d5580000, 0x00000000d7800000, 0x0000000100000000)
  eden space 17408K, 99% used [0x00000000d5580000,0x00000000d667ffd8,0x00000000d6680000)
  from space 1024K, 46% used [0x00000000d7680000,0x00000000d76f8000,0x00000000d7780000)
  to   space 512K, 0% used [0x00000000d7780000,0x00000000d7780000,0x00000000d7800000)
 ParOldGen       total 268288K, used 267873K [0x0000000080000000, 0x0000000090600000, 0x00000000d5580000)
  object space 268288K, 99% used [0x0000000080000000,0x0000000090598570,0x0000000090600000)
 Metaspace       used 78175K, committed 79936K, reserved 1179648K
  class space    used 8334K, committed 9088K, reserved 1048576K
}
Event: 3580.210 GC heap after
{Heap after GC invocations=105 (full 3):
 PSYoungGen      total 17920K, used 480K [0x00000000d5580000, 0x00000000d7800000, 0x0000000100000000)
  eden space 17408K, 0% used [0x00000000d5580000,0x00000000d5580000,0x00000000d6680000)
  from space 512K, 93% used [0x00000000d7780000,0x00000000d77f8030,0x00000000d7800000)
  to   space 1024K, 0% used [0x00000000d7600000,0x00000000d7600000,0x00000000d7700000)
 ParOldGen       total 268288K, used 268025K [0x0000000080000000, 0x0000000090600000, 0x00000000d5580000)
  object space 268288K, 99% used [0x0000000080000000,0x00000000905be580,0x0000000090600000)
 Metaspace       used 78175K, committed 79936K, reserved 1179648K
  class space    used 8334K, committed 9088K, reserved 1048576K
}

